<?xml version="1.0" encoding="utf-8"?>
<TestRun id="6d14c55e-dfde-45e8-8e86-d496d98daeed" name="barna@LEVENTE 2026-04-14 10:13:28" runUser="LEVENTE\barna" xmlns="http://microsoft.com/schemas/VisualStudio/TeamTest/2010">
  <Times creation="2026-04-14T10:13:28.5219858+02:00" queuing="2026-04-14T10:13:28.5219861+02:00" start="2026-04-14T10:13:24.3630765+02:00" finish="2026-04-14T10:13:28.5225623+02:00" />
  <TestSettings name="default" id="29bd2e64-94f5-4a33-b22d-847c8d0dfe0c">
    <Deployment runDeploymentRoot="barna_LEVENTE_2026-04-14_10_13_28" />
  </TestSettings>
  <TestLists>
    <TestList name="Results Not in a List" id="8c84fa94-04c1-424b-9868-57a2d4851a1d" />
    <TestList name="All Loaded Results" id="19431567-8539-422a-85d7-44ee4e166bda" />
  </TestLists>
  <ResultSummary outcome="Completed">
    <Counters total="0" executed="0" passed="0" failed="0" error="0" timeout="0" aborted="0" inconclusive="0" passedButRunAborted="0" notRunnable="0" notExecuted="0" disconnected="0" warning="0" completed="0" inProgress="0" pending="0" />
    <Output>
      <StdOut>NUnit Adapter 4.3.1.0: Test execution started&#xD;
Running all tests in D:\xampp\htdocs\vizsgaremeke\game\tests\Game.Tests\bin\Debug\net472\Game.Tests.dll&#xD;
NUnit Adapter 4.3.1.0: Test execution complete&#xD;
</StdOut>
    </Output>
    <RunInfos>
      <RunInfo computerName="LEVENTE" outcome="Warning" timestamp="2026-04-14T10:13:28.4063734+02:00">
        <Text>Exception System.TypeInitializationException,    Exception thrown executing tests in D:\xampp\htdocs\vizsgaremeke\game\tests\Game.Tests\bin\Debug\net472\Game.Tests.dll</Text>
      </RunInfo>
      <RunInfo computerName="LEVENTE" outcome="Warning" timestamp="2026-04-14T10:13:28.4065071+02:00">
        <Text>The type initializer for 'NUnit.Engine.Services.RuntimeFrameworkService' threw an exception.</Text>
      </RunInfo>
      <RunInfo computerName="LEVENTE" outcome="Warning" timestamp="2026-04-14T10:13:28.4284216+02:00">
        <Text>   at NUnit.Engine.Services.RuntimeFrameworkService.ApplyImageData(TestPackage package)&#xD;
   at NUnit.Engine.Services.RuntimeFrameworkService.SelectRuntimeFramework(TestPackage package)&#xD;
   at NUnit.Engine.Runners.MasterTestRunner.GetEngineRunner()&#xD;
   at NUnit.Engine.Runners.MasterTestRunner.Explore(TestFilter filter)&#xD;
   at NUnit.VisualStudio.TestAdapter.NUnitEngine.NUnitEngineAdapter.Explore(TestFilter filter) in D:\repos\NUnit\nunit3-vs-adapter\src\NUnitTestAdapter\NUnitEngine\NUnitEngineAdapter.cs:line 97&#xD;
   at NUnit.VisualStudio.TestAdapter.NUnit3TestExecutor.RunAssembly(String assemblyPath, IGrouping`2 testCases, TestFilter filter) in D:\repos\NUnit\nunit3-vs-adapter\src\NUnitTestAdapter\NUnit3TestExecutor.cs:line 282</Text>
      </RunInfo>
      <RunInfo computerName="LEVENTE" outcome="Warning" timestamp="2026-04-14T10:13:28.4293360+02:00">
        <Text>InnerException: System.ArgumentException: Unknown framework version 10.0&#xD;
Parameter name: version&#xD;
   at NUnit.Engine.RuntimeFramework.GetClrVersionForFramework(Version frameworkVersion)&#xD;
   at NUnit.Engine.RuntimeFramework..ctor(RuntimeType runtime, Version version, String profile)&#xD;
   at NUnit.Engine.RuntimeFramework.GetNetCoreRuntimesFromDirectoryNames(IEnumerable`1 dirNames)&#xD;
   at NUnit.Engine.RuntimeFramework.FindDotNetCoreFrameworks()&#xD;
   at NUnit.Engine.RuntimeFramework.get_AvailableFrameworks()&#xD;
   at NUnit.Engine.Services.RuntimeFrameworkService..cctor()</Text>
      </RunInfo>
      <RunInfo computerName="LEVENTE" outcome="Warning" timestamp="2026-04-14T10:13:28.4442805+02:00">
        <Text>No test is available in D:\xampp\htdocs\vizsgaremeke\game\tests\Game.Tests\bin\Debug\net472\Game.Tests.dll. Make sure that test discoverer &amp; executors are registered and platform &amp; framework version settings are appropriate and try again.</Text>
      </RunInfo>
    </RunInfos>
  </ResultSummary>
</TestRun>